{"C:\\Users\\omars\\Downloads\\casa-de-papel\\App.js": {"path":"C:\\Users\\omars\\Downloads\\casa-de-papel\\App.js","statementMap":{"0":{"start":{"line":19,"column":15},"end":{"line":19,"column":43}},"1":{"start":{"line":21,"column":2},"end":{"line":86,"column":4}},"2":{"start":{"line":89,"column":15},"end":{"line":96,"column":2}}},"fnMap":{"0":{"name":"App","decl":{"start":{"line":20,"column":24},"end":{"line":20,"column":27}},"loc":{"start":{"line":20,"column":30},"end":{"line":87,"column":1}},"line":20}},"branchMap":{},"s":{"0":0,"1":0,"2":0},"f":{"0":0},"b":{}}
,"C:\\Users\\omars\\Downloads\\casa-de-papel\\screens\\AllOperationsPage.js": {"path":"C:\\Users\\omars\\Downloads\\casa-de-papel\\screens\\AllOperationsPage.js","statementMap":{"0":{"start":{"line":10,"column":25},"end":{"line":23,"column":1}},"1":{"start":{"line":13,"column":0},"end":{"line":22,"column":19}},"2":{"start":{"line":16,"column":20},"end":{"line":19,"column":39}}},"fnMap":{"0":{"name":"(anonymous_0)","decl":{"start":{"line":10,"column":25},"end":{"line":10,"column":26}},"loc":{"start":{"line":10,"column":31},"end":{"line":23,"column":1}},"line":10},"1":{"name":"(anonymous_1)","decl":{"start":{"line":15,"column":38},"end":{"line":15,"column":39}},"loc":{"start":{"line":15,"column":48},"end":{"line":20,"column":17}},"line":15}},"branchMap":{},"s":{"0":0,"1":0,"2":0},"f":{"0":0,"1":0},"b":{}}
,"C:\\Users\\omars\\Downloads\\casa-de-papel\\screens\\EmailValidation.js": {"path":"C:\\Users\\omars\\Downloads\\casa-de-papel\\screens\\EmailValidation.js","statementMap":{"0":{"start":{"line":4,"column":24},"end":{"line":43,"column":1}},"1":{"start":{"line":5,"column":26},"end":{"line":5,"column":38}},"2":{"start":{"line":6,"column":42},"end":{"line":6,"column":54}},"3":{"start":{"line":7,"column":29},"end":{"line":7,"column":41}},"4":{"start":{"line":9,"column":32},"end":{"line":16,"column":3}},"5":{"start":{"line":10,"column":4},"end":{"line":15,"column":5}},"6":{"start":{"line":12,"column":6},"end":{"line":12,"column":44}},"7":{"start":{"line":14,"column":6},"end":{"line":14,"column":75}},"8":{"start":{"line":18,"column":2},"end":{"line":42,"column":4}},"9":{"start":{"line":32,"column":34},"end":{"line":32,"column":47}},"10":{"start":{"line":45,"column":15},"end":{"line":133,"column":2}}},"fnMap":{"0":{"name":"(anonymous_0)","decl":{"start":{"line":4,"column":24},"end":{"line":4,"column":25}},"loc":{"start":{"line":4,"column":51},"end":{"line":43,"column":1}},"line":4},"1":{"name":"(anonymous_1)","decl":{"start":{"line":9,"column":32},"end":{"line":9,"column":33}},"loc":{"start":{"line":9,"column":38},"end":{"line":16,"column":3}},"line":9},"2":{"name":"(anonymous_2)","decl":{"start":{"line":32,"column":24},"end":{"line":32,"column":25}},"loc":{"start":{"line":32,"column":34},"end":{"line":32,"column":47}},"line":32}},"branchMap":{"0":{"loc":{"start":{"line":10,"column":4},"end":{"line":15,"column":5}},"type":"if","locations":[{"start":{"line":10,"column":4},"end":{"line":15,"column":5}},{"start":{"line":13,"column":11},"end":{"line":15,"column":5}}],"line":10},"1":{"loc":{"start":{"line":36,"column":9},"end":{"line":36,"column":86}},"type":"cond-expr","locations":[{"start":{"line":36,"column":24},"end":{"line":36,"column":79}},{"start":{"line":36,"column":82},"end":{"line":36,"column":86}}],"line":36}},"s":{"0":0,"1":0,"2":0,"3":0,"4":0,"5":0,"6":0,"7":0,"8":0,"9":0,"10":0},"f":{"0":0,"1":0,"2":0},"b":{"0":[0,0],"1":[0,0]}}
,"C:\\Users\\omars\\Downloads\\casa-de-papel\\screens\\ForgetPassword.js": {"path":"C:\\Users\\omars\\Downloads\\casa-de-papel\\screens\\ForgetPassword.js","statementMap":{"0":{"start":{"line":4,"column":23},"end":{"line":60,"column":1}},"1":{"start":{"line":5,"column":28},"end":{"line":5,"column":40}},"2":{"start":{"line":6,"column":26},"end":{"line":6,"column":38}},"3":{"start":{"line":7,"column":38},"end":{"line":7,"column":52}},"4":{"start":{"line":9,"column":24},"end":{"line":12,"column":3}},"5":{"start":{"line":10,"column":23},"end":{"line":10,"column":73}},"6":{"start":{"line":11,"column":4},"end":{"line":11,"column":34}},"7":{"start":{"line":14,"column":32},"end":{"line":21,"column":3}},"8":{"start":{"line":15,"column":4},"end":{"line":18,"column":5}},"9":{"start":{"line":16,"column":6},"end":{"line":16,"column":27}},"10":{"start":{"line":17,"column":6},"end":{"line":17,"column":13}},"11":{"start":{"line":20,"column":4},"end":{"line":20,"column":34}},"12":{"start":{"line":23,"column":2},"end":{"line":59,"column":4}},"13":{"start":{"line":39,"column":12},"end":{"line":39,"column":27}},"14":{"start":{"line":40,"column":12},"end":{"line":40,"column":32}},"15":{"start":{"line":50,"column":34},"end":{"line":50,"column":47}},"16":{"start":{"line":62,"column":15},"end":{"line":163,"column":2}}},"fnMap":{"0":{"name":"(anonymous_0)","decl":{"start":{"line":4,"column":23},"end":{"line":4,"column":24}},"loc":{"start":{"line":4,"column":43},"end":{"line":60,"column":1}},"line":4},"1":{"name":"(anonymous_1)","decl":{"start":{"line":9,"column":24},"end":{"line":9,"column":25}},"loc":{"start":{"line":9,"column":35},"end":{"line":12,"column":3}},"line":9},"2":{"name":"(anonymous_2)","decl":{"start":{"line":14,"column":32},"end":{"line":14,"column":33}},"loc":{"start":{"line":14,"column":38},"end":{"line":21,"column":3}},"line":14},"3":{"name":"(anonymous_3)","decl":{"start":{"line":38,"column":24},"end":{"line":38,"column":25}},"loc":{"start":{"line":38,"column":34},"end":{"line":41,"column":11}},"line":38},"4":{"name":"(anonymous_4)","decl":{"start":{"line":50,"column":24},"end":{"line":50,"column":25}},"loc":{"start":{"line":50,"column":34},"end":{"line":50,"column":47}},"line":50}},"branchMap":{"0":{"loc":{"start":{"line":15,"column":4},"end":{"line":18,"column":5}},"type":"if","locations":[{"start":{"line":15,"column":4},"end":{"line":18,"column":5}},{"start":{},"end":{}}],"line":15},"1":{"loc":{"start":{"line":36,"column":32},"end":{"line":36,"column":64}},"type":"binary-expr","locations":[{"start":{"line":36,"column":32},"end":{"line":36,"column":43}},{"start":{"line":36,"column":47},"end":{"line":36,"column":64}}],"line":36},"2":{"loc":{"start":{"line":46,"column":9},"end":{"line":46,"column":76}},"type":"binary-expr","locations":[{"start":{"line":46,"column":9},"end":{"line":46,"column":20}},{"start":{"line":46,"column":24},"end":{"line":46,"column":76}}],"line":46}},"s":{"0":0,"1":0,"2":0,"3":0,"4":0,"5":0,"6":0,"7":0,"8":0,"9":0,"10":0,"11":0,"12":0,"13":0,"14":0,"15":0,"16":0},"f":{"0":0,"1":0,"2":0,"3":0,"4":0},"b":{"0":[0,0],"1":[0,0],"2":[0,0]}}
,"C:\\Users\\omars\\Downloads\\casa-de-papel\\screens\\HomePage.js": {"path":"C:\\Users\\omars\\Downloads\\casa-de-papel\\screens\\HomePage.js","statementMap":{"0":{"start":{"line":13,"column":17},"end":{"line":143,"column":1}},"1":{"start":{"line":15,"column":30},"end":{"line":15,"column":41}},"2":{"start":{"line":16,"column":20},"end":{"line":16,"column":47}},"3":{"start":{"line":19,"column":4},"end":{"line":25,"column":6}},"4":{"start":{"line":20,"column":27},"end":{"line":23,"column":5}},"5":{"start":{"line":24,"column":6},"end":{"line":24,"column":46}},"6":{"start":{"line":27,"column":34},"end":{"line":63,"column":3}},"7":{"start":{"line":65,"column":2},"end":{"line":65,"column":37}},"8":{"start":{"line":67,"column":2},"end":{"line":142,"column":4}},"9":{"start":{"line":91,"column":91},"end":{"line":91,"column":127}},"10":{"start":{"line":104,"column":10},"end":{"line":109,"column":29}},"11":{"start":{"line":104,"column":87},"end":{"line":104,"column":117}},"12":{"start":{"line":119,"column":87},"end":{"line":119,"column":123}},"13":{"start":{"line":124,"column":14},"end":{"line":132,"column":33}},"14":{"start":{"line":124,"column":54},"end":{"line":124,"column":94}},"15":{"start":{"line":145,"column":15},"end":{"line":179,"column":2}}},"fnMap":{"0":{"name":"(anonymous_0)","decl":{"start":{"line":13,"column":17},"end":{"line":13,"column":18}},"loc":{"start":{"line":13,"column":35},"end":{"line":143,"column":1}},"line":13},"1":{"name":"(anonymous_1)","decl":{"start":{"line":19,"column":14},"end":{"line":19,"column":15}},"loc":{"start":{"line":19,"column":19},"end":{"line":25,"column":5}},"line":19},"2":{"name":"(anonymous_2)","decl":{"start":{"line":91,"column":85},"end":{"line":91,"column":86}},"loc":{"start":{"line":91,"column":91},"end":{"line":91,"column":127}},"line":91},"3":{"name":"(anonymous_3)","decl":{"start":{"line":103,"column":21},"end":{"line":103,"column":22}},"loc":{"start":{"line":103,"column":31},"end":{"line":110,"column":7}},"line":103},"4":{"name":"(anonymous_4)","decl":{"start":{"line":104,"column":81},"end":{"line":104,"column":82}},"loc":{"start":{"line":104,"column":87},"end":{"line":104,"column":117}},"line":104},"5":{"name":"(anonymous_5)","decl":{"start":{"line":119,"column":81},"end":{"line":119,"column":82}},"loc":{"start":{"line":119,"column":87},"end":{"line":119,"column":123}},"line":119},"6":{"name":"(anonymous_6)","decl":{"start":{"line":123,"column":39},"end":{"line":123,"column":40}},"loc":{"start":{"line":123,"column":48},"end":{"line":133,"column":13}},"line":123},"7":{"name":"(anonymous_7)","decl":{"start":{"line":124,"column":48},"end":{"line":124,"column":49}},"loc":{"start":{"line":124,"column":54},"end":{"line":124,"column":94}},"line":124}},"branchMap":{},"s":{"0":0,"1":0,"2":0,"3":0,"4":0,"5":0,"6":0,"7":0,"8":0,"9":0,"10":0,"11":0,"12":0,"13":0,"14":0,"15":0},"f":{"0":0,"1":0,"2":0,"3":0,"4":0,"5":0,"6":0,"7":0},"b":{}}
,"C:\\Users\\omars\\Downloads\\casa-de-papel\\screens\\IdentityVerificationSucessPage.js": {"path":"C:\\Users\\omars\\Downloads\\casa-de-papel\\screens\\IdentityVerificationSucessPage.js","statementMap":{"0":{"start":{"line":5,"column":40},"end":{"line":28,"column":1}},"1":{"start":{"line":6,"column":2},"end":{"line":27,"column":4}},"2":{"start":{"line":30,"column":15},"end":{"line":68,"column":2}}},"fnMap":{"0":{"name":"(anonymous_0)","decl":{"start":{"line":5,"column":40},"end":{"line":5,"column":41}},"loc":{"start":{"line":5,"column":46},"end":{"line":28,"column":1}},"line":5}},"branchMap":{},"s":{"0":0,"1":0,"2":0},"f":{"0":0},"b":{}}
,"C:\\Users\\omars\\Downloads\\casa-de-papel\\screens\\LandingPage.js": {"path":"C:\\Users\\omars\\Downloads\\casa-de-papel\\screens\\LandingPage.js","statementMap":{"0":{"start":{"line":5,"column":20},"end":{"line":27,"column":1}},"1":{"start":{"line":6,"column":2},"end":{"line":26,"column":4}},"2":{"start":{"line":21,"column":61},"end":{"line":21,"column":90}},"3":{"start":{"line":29,"column":15},"end":{"line":111,"column":2}}},"fnMap":{"0":{"name":"(anonymous_0)","decl":{"start":{"line":5,"column":20},"end":{"line":5,"column":21}},"loc":{"start":{"line":5,"column":40},"end":{"line":27,"column":1}},"line":5},"1":{"name":"(anonymous_1)","decl":{"start":{"line":21,"column":55},"end":{"line":21,"column":56}},"loc":{"start":{"line":21,"column":61},"end":{"line":21,"column":90}},"line":21}},"branchMap":{},"s":{"0":0,"1":0,"2":0,"3":0},"f":{"0":0,"1":0},"b":{}}
,"C:\\Users\\omars\\Downloads\\casa-de-papel\\screens\\PersonalInfo.js": {"path":"C:\\Users\\omars\\Downloads\\casa-de-papel\\screens\\PersonalInfo.js","statementMap":{"0":{"start":{"line":11,"column":21},"end":{"line":157,"column":1}},"1":{"start":{"line":12,"column":4},"end":{"line":14,"column":11}},"2":{"start":{"line":16,"column":44},"end":{"line":16,"column":58}},"3":{"start":{"line":18,"column":29},"end":{"line":31,"column":6}},"4":{"start":{"line":33,"column":4},"end":{"line":156,"column":6}},"5":{"start":{"line":50,"column":24},"end":{"line":50,"column":64}},"6":{"start":{"line":54,"column":24},"end":{"line":151,"column":31}},"7":{"start":{"line":63,"column":51},"end":{"line":63,"column":73}},"8":{"start":{"line":65,"column":40},"end":{"line":65,"column":58}},"9":{"start":{"line":66,"column":40},"end":{"line":66,"column":62}},"10":{"start":{"line":81,"column":51},"end":{"line":81,"column":76}},"11":{"start":{"line":83,"column":40},"end":{"line":83,"column":61}},"12":{"start":{"line":84,"column":40},"end":{"line":84,"column":62}},"13":{"start":{"line":99,"column":51},"end":{"line":99,"column":78}},"14":{"start":{"line":101,"column":40},"end":{"line":101,"column":63}},"15":{"start":{"line":102,"column":40},"end":{"line":102,"column":62}},"16":{"start":{"line":117,"column":51},"end":{"line":117,"column":79}},"17":{"start":{"line":119,"column":40},"end":{"line":119,"column":64}},"18":{"start":{"line":120,"column":40},"end":{"line":120,"column":62}},"19":{"start":{"line":136,"column":51},"end":{"line":136,"column":83}},"20":{"start":{"line":138,"column":40},"end":{"line":138,"column":68}},"21":{"start":{"line":139,"column":40},"end":{"line":139,"column":62}},"22":{"start":{"line":159,"column":14},"end":{"line":243,"column":2}}},"fnMap":{"0":{"name":"(anonymous_0)","decl":{"start":{"line":11,"column":21},"end":{"line":11,"column":22}},"loc":{"start":{"line":11,"column":41},"end":{"line":157,"column":1}},"line":11},"1":{"name":"(anonymous_1)","decl":{"start":{"line":12,"column":14},"end":{"line":12,"column":15}},"loc":{"start":{"line":12,"column":20},"end":{"line":14,"column":5}},"line":12},"2":{"name":"(anonymous_2)","decl":{"start":{"line":49,"column":33},"end":{"line":49,"column":34}},"loc":{"start":{"line":49,"column":45},"end":{"line":51,"column":21}},"line":49},"3":{"name":"(anonymous_3)","decl":{"start":{"line":53,"column":21},"end":{"line":53,"column":22}},"loc":{"start":{"line":54,"column":24},"end":{"line":151,"column":31}},"line":54},"4":{"name":"(anonymous_4)","decl":{"start":{"line":63,"column":45},"end":{"line":63,"column":46}},"loc":{"start":{"line":63,"column":51},"end":{"line":63,"column":73}},"line":63},"5":{"name":"(anonymous_5)","decl":{"start":{"line":64,"column":44},"end":{"line":64,"column":45}},"loc":{"start":{"line":64,"column":50},"end":{"line":67,"column":37}},"line":64},"6":{"name":"(anonymous_6)","decl":{"start":{"line":81,"column":45},"end":{"line":81,"column":46}},"loc":{"start":{"line":81,"column":51},"end":{"line":81,"column":76}},"line":81},"7":{"name":"(anonymous_7)","decl":{"start":{"line":82,"column":44},"end":{"line":82,"column":45}},"loc":{"start":{"line":82,"column":50},"end":{"line":85,"column":37}},"line":82},"8":{"name":"(anonymous_8)","decl":{"start":{"line":99,"column":45},"end":{"line":99,"column":46}},"loc":{"start":{"line":99,"column":51},"end":{"line":99,"column":78}},"line":99},"9":{"name":"(anonymous_9)","decl":{"start":{"line":100,"column":44},"end":{"line":100,"column":45}},"loc":{"start":{"line":100,"column":50},"end":{"line":103,"column":37}},"line":100},"10":{"name":"(anonymous_10)","decl":{"start":{"line":117,"column":45},"end":{"line":117,"column":46}},"loc":{"start":{"line":117,"column":51},"end":{"line":117,"column":79}},"line":117},"11":{"name":"(anonymous_11)","decl":{"start":{"line":118,"column":44},"end":{"line":118,"column":45}},"loc":{"start":{"line":118,"column":50},"end":{"line":121,"column":37}},"line":118},"12":{"name":"(anonymous_12)","decl":{"start":{"line":136,"column":45},"end":{"line":136,"column":46}},"loc":{"start":{"line":136,"column":51},"end":{"line":136,"column":83}},"line":136},"13":{"name":"(anonymous_13)","decl":{"start":{"line":137,"column":44},"end":{"line":137,"column":45}},"loc":{"start":{"line":137,"column":50},"end":{"line":140,"column":37}},"line":137}},"branchMap":{"0":{"loc":{"start":{"line":59,"column":40},"end":{"line":59,"column":89}},"type":"binary-expr","locations":[{"start":{"line":59,"column":40},"end":{"line":59,"column":62}},{"start":{"line":59,"column":66},"end":{"line":59,"column":89}}],"line":59},"1":{"loc":{"start":{"line":60,"column":40},"end":{"line":60,"column":90}},"type":"binary-expr","locations":[{"start":{"line":60,"column":40},"end":{"line":60,"column":51}},{"start":{"line":60,"column":55},"end":{"line":60,"column":65}},{"start":{"line":60,"column":69},"end":{"line":60,"column":90}}],"line":60},"2":{"loc":{"start":{"line":71,"column":33},"end":{"line":71,"column":111}},"type":"binary-expr","locations":[{"start":{"line":71,"column":33},"end":{"line":71,"column":44}},{"start":{"line":71,"column":48},"end":{"line":71,"column":58}},{"start":{"line":71,"column":62},"end":{"line":71,"column":111}}],"line":71},"3":{"loc":{"start":{"line":77,"column":40},"end":{"line":77,"column":92}},"type":"binary-expr","locations":[{"start":{"line":77,"column":40},"end":{"line":77,"column":65}},{"start":{"line":77,"column":69},"end":{"line":77,"column":92}}],"line":77},"4":{"loc":{"start":{"line":78,"column":40},"end":{"line":78,"column":96}},"type":"binary-expr","locations":[{"start":{"line":78,"column":40},"end":{"line":78,"column":54}},{"start":{"line":78,"column":58},"end":{"line":78,"column":71}},{"start":{"line":78,"column":75},"end":{"line":78,"column":96}}],"line":78},"5":{"loc":{"start":{"line":89,"column":33},"end":{"line":89,"column":120}},"type":"binary-expr","locations":[{"start":{"line":89,"column":33},"end":{"line":89,"column":47}},{"start":{"line":89,"column":51},"end":{"line":89,"column":64}},{"start":{"line":89,"column":68},"end":{"line":89,"column":120}}],"line":89},"6":{"loc":{"start":{"line":95,"column":40},"end":{"line":95,"column":94}},"type":"binary-expr","locations":[{"start":{"line":95,"column":40},"end":{"line":95,"column":67}},{"start":{"line":95,"column":71},"end":{"line":95,"column":94}}],"line":95},"7":{"loc":{"start":{"line":96,"column":40},"end":{"line":96,"column":100}},"type":"binary-expr","locations":[{"start":{"line":96,"column":40},"end":{"line":96,"column":56}},{"start":{"line":96,"column":60},"end":{"line":96,"column":75}},{"start":{"line":96,"column":79},"end":{"line":96,"column":100}}],"line":96},"8":{"loc":{"start":{"line":107,"column":33},"end":{"line":107,"column":126}},"type":"binary-expr","locations":[{"start":{"line":107,"column":33},"end":{"line":107,"column":49}},{"start":{"line":107,"column":53},"end":{"line":107,"column":68}},{"start":{"line":107,"column":72},"end":{"line":107,"column":126}}],"line":107},"9":{"loc":{"start":{"line":113,"column":40},"end":{"line":113,"column":95}},"type":"binary-expr","locations":[{"start":{"line":113,"column":40},"end":{"line":113,"column":68}},{"start":{"line":113,"column":72},"end":{"line":113,"column":95}}],"line":113},"10":{"loc":{"start":{"line":114,"column":40},"end":{"line":114,"column":102}},"type":"binary-expr","locations":[{"start":{"line":114,"column":40},"end":{"line":114,"column":57}},{"start":{"line":114,"column":61},"end":{"line":114,"column":77}},{"start":{"line":114,"column":81},"end":{"line":114,"column":102}}],"line":114},"11":{"loc":{"start":{"line":126,"column":33},"end":{"line":126,"column":129}},"type":"binary-expr","locations":[{"start":{"line":126,"column":33},"end":{"line":126,"column":50}},{"start":{"line":126,"column":54},"end":{"line":126,"column":70}},{"start":{"line":126,"column":74},"end":{"line":126,"column":129}}],"line":126},"12":{"loc":{"start":{"line":132,"column":40},"end":{"line":132,"column":99}},"type":"binary-expr","locations":[{"start":{"line":132,"column":40},"end":{"line":132,"column":72}},{"start":{"line":132,"column":76},"end":{"line":132,"column":99}}],"line":132},"13":{"loc":{"start":{"line":133,"column":40},"end":{"line":133,"column":110}},"type":"binary-expr","locations":[{"start":{"line":133,"column":40},"end":{"line":133,"column":61}},{"start":{"line":133,"column":65},"end":{"line":133,"column":85}},{"start":{"line":133,"column":89},"end":{"line":133,"column":110}}],"line":133},"14":{"loc":{"start":{"line":144,"column":33},"end":{"line":144,"column":141}},"type":"binary-expr","locations":[{"start":{"line":144,"column":33},"end":{"line":144,"column":54}},{"start":{"line":144,"column":58},"end":{"line":144,"column":78}},{"start":{"line":144,"column":82},"end":{"line":144,"column":141}}],"line":144}},"s":{"0":0,"1":0,"2":0,"3":0,"4":0,"5":0,"6":0,"7":0,"8":0,"9":0,"10":0,"11":0,"12":0,"13":0,"14":0,"15":0,"16":0,"17":0,"18":0,"19":0,"20":0,"21":0,"22":0},"f":{"0":0,"1":0,"2":0,"3":0,"4":0,"5":0,"6":0,"7":0,"8":0,"9":0,"10":0,"11":0,"12":0,"13":0},"b":{"0":[0,0],"1":[0,0,0],"2":[0,0,0],"3":[0,0],"4":[0,0,0],"5":[0,0,0],"6":[0,0],"7":[0,0,0],"8":[0,0,0],"9":[0,0],"10":[0,0,0],"11":[0,0,0],"12":[0,0],"13":[0,0,0],"14":[0,0,0]}}
,"C:\\Users\\omars\\Downloads\\casa-de-papel\\screens\\Plafond.js": {"path":"C:\\Users\\omars\\Downloads\\casa-de-papel\\screens\\Plafond.js","statementMap":{"0":{"start":{"line":6,"column":21},"end":{"line":133,"column":1}},"1":{"start":{"line":7,"column":34},"end":{"line":11,"column":4}},"2":{"start":{"line":13,"column":48},"end":{"line":13,"column":62}},"3":{"start":{"line":14,"column":38},"end":{"line":14,"column":50}},"4":{"start":{"line":15,"column":42},"end":{"line":15,"column":57}},"5":{"start":{"line":17,"column":36},"end":{"line":34,"column":3}},"6":{"start":{"line":18,"column":20},"end":{"line":18,"column":40}},"7":{"start":{"line":20,"column":4},"end":{"line":33,"column":5}},"8":{"start":{"line":21,"column":30},"end":{"line":26,"column":8}},"9":{"start":{"line":22,"column":8},"end":{"line":24,"column":9}},"10":{"start":{"line":23,"column":10},"end":{"line":23,"column":56}},"11":{"start":{"line":25,"column":8},"end":{"line":25,"column":23}},"12":{"start":{"line":27,"column":6},"end":{"line":27,"column":35}},"13":{"start":{"line":28,"column":6},"end":{"line":28,"column":29}},"14":{"start":{"line":29,"column":6},"end":{"line":29,"column":24}},"15":{"start":{"line":30,"column":6},"end":{"line":30,"column":126}},"16":{"start":{"line":32,"column":6},"end":{"line":32,"column":133}},"17":{"start":{"line":36,"column":31},"end":{"line":49,"column":3}},"18":{"start":{"line":37,"column":4},"end":{"line":48,"column":5}},"19":{"start":{"line":38,"column":30},"end":{"line":43,"column":8}},"20":{"start":{"line":39,"column":8},"end":{"line":41,"column":9}},"21":{"start":{"line":40,"column":10},"end":{"line":40,"column":48}},"22":{"start":{"line":42,"column":8},"end":{"line":42,"column":23}},"23":{"start":{"line":44,"column":6},"end":{"line":44,"column":35}},"24":{"start":{"line":45,"column":6},"end":{"line":45,"column":123}},"25":{"start":{"line":47,"column":6},"end":{"line":47,"column":75}},"26":{"start":{"line":51,"column":2},"end":{"line":132,"column":4}},"27":{"start":{"line":56,"column":10},"end":{"line":88,"column":29}},"28":{"start":{"line":62,"column":27},"end":{"line":62,"column":54}},"29":{"start":{"line":78,"column":47},"end":{"line":78,"column":68}},"30":{"start":{"line":95,"column":30},"end":{"line":95,"column":52}},"31":{"start":{"line":116,"column":29},"end":{"line":116,"column":51}}},"fnMap":{"0":{"name":"(anonymous_0)","decl":{"start":{"line":6,"column":21},"end":{"line":6,"column":22}},"loc":{"start":{"line":6,"column":27},"end":{"line":133,"column":1}},"line":6},"1":{"name":"(anonymous_1)","decl":{"start":{"line":17,"column":36},"end":{"line":17,"column":37}},"loc":{"start":{"line":17,"column":42},"end":{"line":34,"column":3}},"line":17},"2":{"name":"(anonymous_2)","decl":{"start":{"line":21,"column":43},"end":{"line":21,"column":44}},"loc":{"start":{"line":21,"column":54},"end":{"line":26,"column":7}},"line":21},"3":{"name":"(anonymous_3)","decl":{"start":{"line":36,"column":31},"end":{"line":36,"column":32}},"loc":{"start":{"line":36,"column":37},"end":{"line":49,"column":3}},"line":36},"4":{"name":"(anonymous_4)","decl":{"start":{"line":38,"column":43},"end":{"line":38,"column":44}},"loc":{"start":{"line":38,"column":54},"end":{"line":43,"column":7}},"line":38},"5":{"name":"(anonymous_5)","decl":{"start":{"line":55,"column":22},"end":{"line":55,"column":23}},"loc":{"start":{"line":56,"column":10},"end":{"line":88,"column":29}},"line":56},"6":{"name":"(anonymous_6)","decl":{"start":{"line":62,"column":21},"end":{"line":62,"column":22}},"loc":{"start":{"line":62,"column":27},"end":{"line":62,"column":54}},"line":62},"7":{"name":"(anonymous_7)","decl":{"start":{"line":78,"column":41},"end":{"line":78,"column":42}},"loc":{"start":{"line":78,"column":47},"end":{"line":78,"column":68}},"line":78},"8":{"name":"(anonymous_8)","decl":{"start":{"line":95,"column":24},"end":{"line":95,"column":25}},"loc":{"start":{"line":95,"column":30},"end":{"line":95,"column":52}},"line":95},"9":{"name":"(anonymous_9)","decl":{"start":{"line":116,"column":23},"end":{"line":116,"column":24}},"loc":{"start":{"line":116,"column":29},"end":{"line":116,"column":51}},"line":116}},"branchMap":{"0":{"loc":{"start":{"line":20,"column":4},"end":{"line":33,"column":5}},"type":"if","locations":[{"start":{"line":20,"column":4},"end":{"line":33,"column":5}},{"start":{"line":31,"column":11},"end":{"line":33,"column":5}}],"line":20},"1":{"loc":{"start":{"line":20,"column":8},"end":{"line":20,"column":66}},"type":"binary-expr","locations":[{"start":{"line":20,"column":8},"end":{"line":20,"column":23}},{"start":{"line":20,"column":27},"end":{"line":20,"column":44}},{"start":{"line":20,"column":48},"end":{"line":20,"column":66}}],"line":20},"2":{"loc":{"start":{"line":22,"column":8},"end":{"line":24,"column":9}},"type":"if","locations":[{"start":{"line":22,"column":8},"end":{"line":24,"column":9}},{"start":{},"end":{}}],"line":22},"3":{"loc":{"start":{"line":37,"column":4},"end":{"line":48,"column":5}},"type":"if","locations":[{"start":{"line":37,"column":4},"end":{"line":48,"column":5}},{"start":{"line":46,"column":11},"end":{"line":48,"column":5}}],"line":37},"4":{"loc":{"start":{"line":39,"column":8},"end":{"line":41,"column":9}},"type":"if","locations":[{"start":{"line":39,"column":8},"end":{"line":41,"column":9}},{"start":{},"end":{}}],"line":39},"5":{"loc":{"start":{"line":60,"column":14},"end":{"line":60,"column":96}},"type":"cond-expr","locations":[{"start":{"line":60,"column":69},"end":{"line":60,"column":81}},{"start":{"line":60,"column":84},"end":{"line":60,"column":96}}],"line":60},"6":{"loc":{"start":{"line":60,"column":14},"end":{"line":60,"column":66}},"type":"binary-expr","locations":[{"start":{"line":60,"column":14},"end":{"line":60,"column":29}},{"start":{"line":60,"column":33},"end":{"line":60,"column":66}}],"line":60},"7":{"loc":{"start":{"line":65,"column":51},"end":{"line":65,"column":137}},"type":"cond-expr","locations":[{"start":{"line":65,"column":106},"end":{"line":65,"column":120}},{"start":{"line":65,"column":123},"end":{"line":65,"column":137}}],"line":65},"8":{"loc":{"start":{"line":65,"column":51},"end":{"line":65,"column":103}},"type":"binary-expr","locations":[{"start":{"line":65,"column":51},"end":{"line":65,"column":66}},{"start":{"line":65,"column":70},"end":{"line":65,"column":103}}],"line":65},"9":{"loc":{"start":{"line":68,"column":15},"end":{"line":72,"column":15}},"type":"binary-expr","locations":[{"start":{"line":68,"column":15},"end":{"line":68,"column":30}},{"start":{"line":69,"column":16},"end":{"line":71,"column":23}}],"line":68},"10":{"loc":{"start":{"line":75,"column":41},"end":{"line":75,"column":127}},"type":"cond-expr","locations":[{"start":{"line":75,"column":96},"end":{"line":75,"column":110}},{"start":{"line":75,"column":113},"end":{"line":75,"column":127}}],"line":75},"11":{"loc":{"start":{"line":75,"column":41},"end":{"line":75,"column":93}},"type":"binary-expr","locations":[{"start":{"line":75,"column":41},"end":{"line":75,"column":56}},{"start":{"line":75,"column":60},"end":{"line":75,"column":93}}],"line":75},"12":{"loc":{"start":{"line":83,"column":15},"end":{"line":85,"column":15}},"type":"binary-expr","locations":[{"start":{"line":83,"column":15},"end":{"line":83,"column":30}},{"start":{"line":84,"column":16},"end":{"line":84,"column":163}}],"line":83},"13":{"loc":{"start":{"line":84,"column":87},"end":{"line":84,"column":158}},"type":"cond-expr","locations":[{"start":{"line":84,"column":124},"end":{"line":84,"column":138}},{"start":{"line":84,"column":141},"end":{"line":84,"column":158}}],"line":84},"14":{"loc":{"start":{"line":100,"column":44},"end":{"line":100,"column":102}},"type":"cond-expr","locations":[{"start":{"line":100,"column":62},"end":{"line":100,"column":97}},{"start":{"line":100,"column":100},"end":{"line":100,"column":102}}],"line":100},"15":{"loc":{"start":{"line":123,"column":7},"end":{"line":130,"column":7}},"type":"binary-expr","locations":[{"start":{"line":123,"column":7},"end":{"line":123,"column":22}},{"start":{"line":123,"column":26},"end":{"line":123,"column":49}},{"start":{"line":124,"column":8},"end":{"line":129,"column":27}}],"line":123}},"s":{"0":1,"1":7,"2":7,"3":7,"4":7,"5":7,"6":0,"7":0,"8":0,"9":0,"10":0,"11":0,"12":0,"13":0,"14":0,"15":0,"16":0,"17":7,"18":0,"19":0,"20":0,"21":0,"22":0,"23":0,"24":0,"25":0,"26":7,"27":21,"28":3,"29":0,"30":0,"31":0},"f":{"0":7,"1":0,"2":0,"3":0,"4":0,"5":21,"6":3,"7":0,"8":0,"9":0},"b":{"0":[0,0],"1":[0,0,0],"2":[0,0],"3":[0,0],"4":[0,0],"5":[3,18],"6":[21,9],"7":[3,18],"8":[21,9],"9":[21,0],"10":[3,18],"11":[21,9],"12":[21,0],"13":[0,0],"14":[3,4],"15":[7,3,0]},"_coverageSchema":"1a1c01bbd47fc00a2c39e90264f33305004495a9","hash":"0256e8c7278e725839e2f2f01baa041e7fcacb72"}
,"C:\\Users\\omars\\Downloads\\casa-de-papel\\screens\\ScreenBottomNavHandler.js": {"path":"C:\\Users\\omars\\Downloads\\casa-de-papel\\screens\\ScreenBottomNavHandler.js","statementMap":{"0":{"start":{"line":9,"column":12},"end":{"line":9,"column":38}},"1":{"start":{"line":11,"column":31},"end":{"line":44,"column":1}},"2":{"start":{"line":12,"column":4},"end":{"line":43,"column":5}},"3":{"start":{"line":15,"column":43},"end":{"line":37,"column":13}},"4":{"start":{"line":18,"column":20},"end":{"line":27,"column":21}},"5":{"start":{"line":19,"column":24},"end":{"line":19,"column":70}},"6":{"start":{"line":20,"column":24},"end":{"line":20,"column":39}},"7":{"start":{"line":21,"column":27},"end":{"line":27,"column":21}},"8":{"start":{"line":22,"column":24},"end":{"line":22,"column":75}},"9":{"start":{"line":23,"column":24},"end":{"line":23,"column":39}},"10":{"start":{"line":24,"column":27},"end":{"line":27,"column":21}},"11":{"start":{"line":25,"column":24},"end":{"line":25,"column":75}},"12":{"start":{"line":26,"column":24},"end":{"line":26,"column":39}},"13":{"start":{"line":28,"column":20},"end":{"line":28,"column":78}},"14":{"start":{"line":33,"column":20},"end":{"line":35,"column":39}}},"fnMap":{"0":{"name":"(anonymous_0)","decl":{"start":{"line":11,"column":31},"end":{"line":11,"column":32}},"loc":{"start":{"line":11,"column":37},"end":{"line":44,"column":1}},"line":11},"1":{"name":"(anonymous_1)","decl":{"start":{"line":15,"column":27},"end":{"line":15,"column":28}},"loc":{"start":{"line":15,"column":43},"end":{"line":37,"column":13}},"line":15},"2":{"name":"(anonymous_2)","decl":{"start":{"line":16,"column":28},"end":{"line":16,"column":29}},"loc":{"start":{"line":16,"column":58},"end":{"line":29,"column":17}},"line":16},"3":{"name":"(anonymous_3)","decl":{"start":{"line":32,"column":29},"end":{"line":32,"column":30}},"loc":{"start":{"line":33,"column":20},"end":{"line":35,"column":39}},"line":33}},"branchMap":{"0":{"loc":{"start":{"line":18,"column":20},"end":{"line":27,"column":21}},"type":"if","locations":[{"start":{"line":18,"column":20},"end":{"line":27,"column":21}},{"start":{"line":21,"column":27},"end":{"line":27,"column":21}}],"line":18},"1":{"loc":{"start":{"line":19,"column":35},"end":{"line":19,"column":69}},"type":"cond-expr","locations":[{"start":{"line":19,"column":46},"end":{"line":19,"column":52}},{"start":{"line":19,"column":55},"end":{"line":19,"column":69}}],"line":19},"2":{"loc":{"start":{"line":21,"column":27},"end":{"line":27,"column":21}},"type":"if","locations":[{"start":{"line":21,"column":27},"end":{"line":27,"column":21}},{"start":{"line":24,"column":27},"end":{"line":27,"column":21}}],"line":21},"3":{"loc":{"start":{"line":22,"column":35},"end":{"line":22,"column":74}},"type":"cond-expr","locations":[{"start":{"line":22,"column":45},"end":{"line":22,"column":54}},{"start":{"line":22,"column":57},"end":{"line":22,"column":74}}],"line":22},"4":{"loc":{"start":{"line":24,"column":27},"end":{"line":27,"column":21}},"type":"if","locations":[{"start":{"line":24,"column":27},"end":{"line":27,"column":21}},{"start":{},"end":{}}],"line":24},"5":{"loc":{"start":{"line":25,"column":35},"end":{"line":25,"column":74}},"type":"cond-expr","locations":[{"start":{"line":25,"column":45},"end":{"line":25,"column":54}},{"start":{"line":25,"column":57},"end":{"line":25,"column":74}}],"line":25}},"s":{"0":0,"1":0,"2":0,"3":0,"4":0,"5":0,"6":0,"7":0,"8":0,"9":0,"10":0,"11":0,"12":0,"13":0,"14":0},"f":{"0":0,"1":0,"2":0,"3":0},"b":{"0":[0,0],"1":[0,0],"2":[0,0],"3":[0,0],"4":[0,0],"5":[0,0]}}
,"C:\\Users\\omars\\Downloads\\casa-de-papel\\screens\\SignIn.js": {"path":"C:\\Users\\omars\\Downloads\\casa-de-papel\\screens\\SignIn.js","statementMap":{"0":{"start":{"line":4,"column":15},"end":{"line":78,"column":1}},"1":{"start":{"line":5,"column":28},"end":{"line":5,"column":40}},"2":{"start":{"line":6,"column":34},"end":{"line":6,"column":46}},"3":{"start":{"line":7,"column":38},"end":{"line":7,"column":52}},"4":{"start":{"line":8,"column":44},"end":{"line":8,"column":58}},"5":{"start":{"line":10,"column":24},"end":{"line":13,"column":3}},"6":{"start":{"line":11,"column":23},"end":{"line":11,"column":51}},"7":{"start":{"line":12,"column":4},"end":{"line":12,"column":34}},"8":{"start":{"line":15,"column":23},"end":{"line":22,"column":3}},"9":{"start":{"line":16,"column":4},"end":{"line":19,"column":5}},"10":{"start":{"line":17,"column":6},"end":{"line":17,"column":27}},"11":{"start":{"line":18,"column":6},"end":{"line":18,"column":13}},"12":{"start":{"line":21,"column":4},"end":{"line":21,"column":36}},"13":{"start":{"line":24,"column":2},"end":{"line":77,"column":4}},"14":{"start":{"line":42,"column":12},"end":{"line":42,"column":27}},"15":{"start":{"line":43,"column":12},"end":{"line":43,"column":32}},"16":{"start":{"line":54,"column":12},"end":{"line":54,"column":30}},"17":{"start":{"line":55,"column":12},"end":{"line":55,"column":35}},"18":{"start":{"line":66,"column":43},"end":{"line":66,"column":72}},"19":{"start":{"line":71,"column":43},"end":{"line":71,"column":80}},"20":{"start":{"line":80,"column":15},"end":{"line":178,"column":2}}},"fnMap":{"0":{"name":"(anonymous_0)","decl":{"start":{"line":4,"column":15},"end":{"line":4,"column":16}},"loc":{"start":{"line":4,"column":35},"end":{"line":78,"column":1}},"line":4},"1":{"name":"(anonymous_1)","decl":{"start":{"line":10,"column":24},"end":{"line":10,"column":25}},"loc":{"start":{"line":10,"column":35},"end":{"line":13,"column":3}},"line":10},"2":{"name":"(anonymous_2)","decl":{"start":{"line":15,"column":23},"end":{"line":15,"column":24}},"loc":{"start":{"line":15,"column":29},"end":{"line":22,"column":3}},"line":15},"3":{"name":"(anonymous_3)","decl":{"start":{"line":41,"column":24},"end":{"line":41,"column":25}},"loc":{"start":{"line":41,"column":34},"end":{"line":44,"column":11}},"line":41},"4":{"name":"(anonymous_4)","decl":{"start":{"line":53,"column":24},"end":{"line":53,"column":25}},"loc":{"start":{"line":53,"column":34},"end":{"line":56,"column":11}},"line":53},"5":{"name":"(anonymous_5)","decl":{"start":{"line":66,"column":37},"end":{"line":66,"column":38}},"loc":{"start":{"line":66,"column":43},"end":{"line":66,"column":72}},"line":66},"6":{"name":"(anonymous_6)","decl":{"start":{"line":71,"column":37},"end":{"line":71,"column":38}},"loc":{"start":{"line":71,"column":43},"end":{"line":71,"column":80}},"line":71}},"branchMap":{"0":{"loc":{"start":{"line":16,"column":4},"end":{"line":19,"column":5}},"type":"if","locations":[{"start":{"line":16,"column":4},"end":{"line":19,"column":5}},{"start":{},"end":{}}],"line":16},"1":{"loc":{"start":{"line":39,"column":32},"end":{"line":39,"column":64}},"type":"binary-expr","locations":[{"start":{"line":39,"column":32},"end":{"line":39,"column":43}},{"start":{"line":39,"column":47},"end":{"line":39,"column":64}}],"line":39},"2":{"loc":{"start":{"line":49,"column":9},"end":{"line":49,"column":79}},"type":"binary-expr","locations":[{"start":{"line":49,"column":9},"end":{"line":49,"column":20}},{"start":{"line":49,"column":24},"end":{"line":49,"column":79}}],"line":49},"3":{"loc":{"start":{"line":51,"column":32},"end":{"line":51,"column":67}},"type":"binary-expr","locations":[{"start":{"line":51,"column":32},"end":{"line":51,"column":46}},{"start":{"line":51,"column":50},"end":{"line":51,"column":67}}],"line":51},"4":{"loc":{"start":{"line":60,"column":9},"end":{"line":60,"column":89}},"type":"binary-expr","locations":[{"start":{"line":60,"column":9},"end":{"line":60,"column":23}},{"start":{"line":60,"column":27},"end":{"line":60,"column":89}}],"line":60}},"s":{"0":0,"1":0,"2":0,"3":0,"4":0,"5":0,"6":0,"7":0,"8":0,"9":0,"10":0,"11":0,"12":0,"13":0,"14":0,"15":0,"16":0,"17":0,"18":0,"19":0,"20":0},"f":{"0":0,"1":0,"2":0,"3":0,"4":0,"5":0,"6":0},"b":{"0":[0,0],"1":[0,0],"2":[0,0],"3":[0,0],"4":[0,0]}}
,"C:\\Users\\omars\\Downloads\\casa-de-papel\\screens\\SignUp.js": {"path":"C:\\Users\\omars\\Downloads\\casa-de-papel\\screens\\SignUp.js","statementMap":{"0":{"start":{"line":5,"column":15},"end":{"line":105,"column":1}},"1":{"start":{"line":6,"column":28},"end":{"line":6,"column":40}},"2":{"start":{"line":7,"column":34},"end":{"line":7,"column":46}},"3":{"start":{"line":8,"column":48},"end":{"line":8,"column":60}},"4":{"start":{"line":9,"column":46},"end":{"line":9,"column":60}},"5":{"start":{"line":10,"column":38},"end":{"line":10,"column":52}},"6":{"start":{"line":11,"column":44},"end":{"line":11,"column":58}},"7":{"start":{"line":12,"column":46},"end":{"line":12,"column":57}},"8":{"start":{"line":14,"column":36},"end":{"line":18,"column":3}},"9":{"start":{"line":15,"column":17},"end":{"line":15,"column":50}},"10":{"start":{"line":16,"column":4},"end":{"line":16,"column":28}},"11":{"start":{"line":17,"column":4},"end":{"line":17,"column":16}},"12":{"start":{"line":19,"column":24},"end":{"line":22,"column":3}},"13":{"start":{"line":20,"column":23},"end":{"line":20,"column":51}},"14":{"start":{"line":21,"column":4},"end":{"line":21,"column":34}},"15":{"start":{"line":24,"column":27},"end":{"line":27,"column":3}},"16":{"start":{"line":25,"column":26},"end":{"line":25,"column":96}},"17":{"start":{"line":26,"column":4},"end":{"line":26,"column":40}},"18":{"start":{"line":29,"column":23},"end":{"line":48,"column":3}},"19":{"start":{"line":30,"column":4},"end":{"line":33,"column":5}},"20":{"start":{"line":31,"column":6},"end":{"line":31,"column":27}},"21":{"start":{"line":32,"column":6},"end":{"line":32,"column":13}},"22":{"start":{"line":34,"column":4},"end":{"line":37,"column":5}},"23":{"start":{"line":35,"column":6},"end":{"line":35,"column":30}},"24":{"start":{"line":36,"column":6},"end":{"line":36,"column":13}},"25":{"start":{"line":38,"column":4},"end":{"line":41,"column":5}},"26":{"start":{"line":39,"column":6},"end":{"line":39,"column":31}},"27":{"start":{"line":40,"column":6},"end":{"line":40,"column":13}},"28":{"start":{"line":43,"column":17},"end":{"line":43,"column":50}},"29":{"start":{"line":44,"column":4},"end":{"line":44,"column":22}},"30":{"start":{"line":47,"column":4},"end":{"line":47,"column":69}},"31":{"start":{"line":50,"column":2},"end":{"line":104,"column":4}},"32":{"start":{"line":68,"column":12},"end":{"line":68,"column":27}},"33":{"start":{"line":69,"column":12},"end":{"line":69,"column":32}},"34":{"start":{"line":80,"column":12},"end":{"line":80,"column":30}},"35":{"start":{"line":81,"column":12},"end":{"line":81,"column":35}},"36":{"start":{"line":91,"column":12},"end":{"line":91,"column":37}},"37":{"start":{"line":92,"column":12},"end":{"line":92,"column":36}},"38":{"start":{"line":107,"column":15},"end":{"line":201,"column":2}}},"fnMap":{"0":{"name":"(anonymous_0)","decl":{"start":{"line":5,"column":15},"end":{"line":5,"column":16}},"loc":{"start":{"line":5,"column":35},"end":{"line":105,"column":1}},"line":5},"1":{"name":"(anonymous_1)","decl":{"start":{"line":14,"column":36},"end":{"line":14,"column":37}},"loc":{"start":{"line":14,"column":48},"end":{"line":18,"column":3}},"line":14},"2":{"name":"(anonymous_2)","decl":{"start":{"line":19,"column":24},"end":{"line":19,"column":25}},"loc":{"start":{"line":19,"column":35},"end":{"line":22,"column":3}},"line":19},"3":{"name":"(anonymous_3)","decl":{"start":{"line":24,"column":27},"end":{"line":24,"column":28}},"loc":{"start":{"line":24,"column":41},"end":{"line":27,"column":3}},"line":24},"4":{"name":"(anonymous_4)","decl":{"start":{"line":29,"column":23},"end":{"line":29,"column":24}},"loc":{"start":{"line":29,"column":35},"end":{"line":48,"column":3}},"line":29},"5":{"name":"(anonymous_5)","decl":{"start":{"line":67,"column":24},"end":{"line":67,"column":25}},"loc":{"start":{"line":67,"column":34},"end":{"line":70,"column":11}},"line":67},"6":{"name":"(anonymous_6)","decl":{"start":{"line":79,"column":24},"end":{"line":79,"column":25}},"loc":{"start":{"line":79,"column":34},"end":{"line":82,"column":11}},"line":79},"7":{"name":"(anonymous_7)","decl":{"start":{"line":90,"column":24},"end":{"line":90,"column":25}},"loc":{"start":{"line":90,"column":34},"end":{"line":93,"column":11}},"line":90}},"branchMap":{"0":{"loc":{"start":{"line":30,"column":4},"end":{"line":33,"column":5}},"type":"if","locations":[{"start":{"line":30,"column":4},"end":{"line":33,"column":5}},{"start":{},"end":{}}],"line":30},"1":{"loc":{"start":{"line":34,"column":4},"end":{"line":37,"column":5}},"type":"if","locations":[{"start":{"line":34,"column":4},"end":{"line":37,"column":5}},{"start":{},"end":{}}],"line":34},"2":{"loc":{"start":{"line":38,"column":4},"end":{"line":41,"column":5}},"type":"if","locations":[{"start":{"line":38,"column":4},"end":{"line":41,"column":5}},{"start":{},"end":{}}],"line":38},"3":{"loc":{"start":{"line":65,"column":32},"end":{"line":65,"column":64}},"type":"binary-expr","locations":[{"start":{"line":65,"column":32},"end":{"line":65,"column":43}},{"start":{"line":65,"column":47},"end":{"line":65,"column":64}}],"line":65},"4":{"loc":{"start":{"line":75,"column":9},"end":{"line":75,"column":79}},"type":"binary-expr","locations":[{"start":{"line":75,"column":9},"end":{"line":75,"column":20}},{"start":{"line":75,"column":24},"end":{"line":75,"column":79}}],"line":75},"5":{"loc":{"start":{"line":77,"column":32},"end":{"line":77,"column":67}},"type":"binary-expr","locations":[{"start":{"line":77,"column":32},"end":{"line":77,"column":46}},{"start":{"line":77,"column":50},"end":{"line":77,"column":67}}],"line":77},"6":{"loc":{"start":{"line":86,"column":9},"end":{"line":86,"column":205}},"type":"binary-expr","locations":[{"start":{"line":86,"column":9},"end":{"line":86,"column":23}},{"start":{"line":86,"column":27},"end":{"line":86,"column":205}}],"line":86},"7":{"loc":{"start":{"line":88,"column":32},"end":{"line":88,"column":68}},"type":"binary-expr","locations":[{"start":{"line":88,"column":32},"end":{"line":88,"column":47}},{"start":{"line":88,"column":51},"end":{"line":88,"column":68}}],"line":88},"8":{"loc":{"start":{"line":97,"column":9},"end":{"line":97,"column":93}},"type":"binary-expr","locations":[{"start":{"line":97,"column":9},"end":{"line":97,"column":24}},{"start":{"line":97,"column":28},"end":{"line":97,"column":93}}],"line":97}},"s":{"0":0,"1":0,"2":0,"3":0,"4":0,"5":0,"6":0,"7":0,"8":0,"9":0,"10":0,"11":0,"12":0,"13":0,"14":0,"15":0,"16":0,"17":0,"18":0,"19":0,"20":0,"21":0,"22":0,"23":0,"24":0,"25":0,"26":0,"27":0,"28":0,"29":0,"30":0,"31":0,"32":0,"33":0,"34":0,"35":0,"36":0,"37":0,"38":0},"f":{"0":0,"1":0,"2":0,"3":0,"4":0,"5":0,"6":0,"7":0},"b":{"0":[0,0],"1":[0,0],"2":[0,0],"3":[0,0],"4":[0,0],"5":[0,0],"6":[0,0],"7":[0,0],"8":[0,0]}}
,"C:\\Users\\omars\\Downloads\\casa-de-papel\\screens\\VerificationPage.js": {"path":"C:\\Users\\omars\\Downloads\\casa-de-papel\\screens\\VerificationPage.js","statementMap":{"0":{"start":{"line":12,"column":25},"end":{"line":82,"column":1}},"1":{"start":{"line":13,"column":30},"end":{"line":13,"column":44}},"2":{"start":{"line":14,"column":30},"end":{"line":14,"column":44}},"3":{"start":{"line":15,"column":46},"end":{"line":15,"column":60}},"4":{"start":{"line":16,"column":21},"end":{"line":16,"column":36}},"5":{"start":{"line":18,"column":26},"end":{"line":29,"column":3}},"6":{"start":{"line":19,"column":17},"end":{"line":24,"column":6}},"7":{"start":{"line":26,"column":4},"end":{"line":28,"column":5}},"8":{"start":{"line":27,"column":6},"end":{"line":27,"column":27}},"9":{"start":{"line":31,"column":25},"end":{"line":38,"column":3}},"10":{"start":{"line":33,"column":4},"end":{"line":33,"column":36}},"11":{"start":{"line":34,"column":4},"end":{"line":34,"column":35}},"12":{"start":{"line":35,"column":4},"end":{"line":35,"column":53}},"13":{"start":{"line":37,"column":4},"end":{"line":37,"column":55}},"14":{"start":{"line":40,"column":2},"end":{"line":81,"column":4}},"15":{"start":{"line":58,"column":41},"end":{"line":58,"column":67}},"16":{"start":{"line":64,"column":41},"end":{"line":64,"column":67}},"17":{"start":{"line":70,"column":41},"end":{"line":70,"column":75}},"18":{"start":{"line":84,"column":15},"end":{"line":138,"column":2}}},"fnMap":{"0":{"name":"(anonymous_0)","decl":{"start":{"line":12,"column":25},"end":{"line":12,"column":26}},"loc":{"start":{"line":12,"column":31},"end":{"line":82,"column":1}},"line":12},"1":{"name":"(anonymous_1)","decl":{"start":{"line":18,"column":26},"end":{"line":18,"column":27}},"loc":{"start":{"line":18,"column":46},"end":{"line":29,"column":3}},"line":18},"2":{"name":"(anonymous_2)","decl":{"start":{"line":31,"column":25},"end":{"line":31,"column":26}},"loc":{"start":{"line":31,"column":31},"end":{"line":38,"column":3}},"line":31},"3":{"name":"(anonymous_3)","decl":{"start":{"line":58,"column":35},"end":{"line":58,"column":36}},"loc":{"start":{"line":58,"column":41},"end":{"line":58,"column":67}},"line":58},"4":{"name":"(anonymous_4)","decl":{"start":{"line":64,"column":35},"end":{"line":64,"column":36}},"loc":{"start":{"line":64,"column":41},"end":{"line":64,"column":67}},"line":64},"5":{"name":"(anonymous_5)","decl":{"start":{"line":70,"column":35},"end":{"line":70,"column":36}},"loc":{"start":{"line":70,"column":41},"end":{"line":70,"column":75}},"line":70}},"branchMap":{"0":{"loc":{"start":{"line":26,"column":4},"end":{"line":28,"column":5}},"type":"if","locations":[{"start":{"line":26,"column":4},"end":{"line":28,"column":5}},{"start":{},"end":{}}],"line":26}},"s":{"0":0,"1":0,"2":0,"3":0,"4":0,"5":0,"6":0,"7":0,"8":0,"9":0,"10":0,"11":0,"12":0,"13":0,"14":0,"15":0,"16":0,"17":0,"18":0},"f":{"0":0,"1":0,"2":0,"3":0,"4":0,"5":0},"b":{"0":[0,0]}}
,"C:\\Users\\omars\\Downloads\\casa-de-papel\\screens\\detailTransaction.js": {"path":"C:\\Users\\omars\\Downloads\\casa-de-papel\\screens\\detailTransaction.js","statementMap":{"0":{"start":{"line":6,"column":26},"end":{"line":33,"column":1}},"1":{"start":{"line":7,"column":4},"end":{"line":32,"column":19}}},"fnMap":{"0":{"name":"(anonymous_0)","decl":{"start":{"line":6,"column":26},"end":{"line":6,"column":27}},"loc":{"start":{"line":6,"column":32},"end":{"line":33,"column":1}},"line":6}},"branchMap":{},"s":{"0":0,"1":0},"f":{"0":0},"b":{}}
,"C:\\Users\\omars\\Downloads\\casa-de-papel\\services\\userService.js": {"path":"C:\\Users\\omars\\Downloads\\casa-de-papel\\services\\userService.js","statementMap":{"0":{"start":{"line":7,"column":4},"end":{"line":25,"column":5}},"1":{"start":{"line":8,"column":25},"end":{"line":14,"column":10}},"2":{"start":{"line":16,"column":8},"end":{"line":18,"column":9}},"3":{"start":{"line":17,"column":12},"end":{"line":17,"column":57}},"4":{"start":{"line":20,"column":21},"end":{"line":20,"column":42}},"5":{"start":{"line":21,"column":8},"end":{"line":21,"column":20}},"6":{"start":{"line":23,"column":8},"end":{"line":23,"column":57}},"7":{"start":{"line":24,"column":8},"end":{"line":24,"column":20}},"8":{"start":{"line":30,"column":4},"end":{"line":48,"column":5}},"9":{"start":{"line":31,"column":25},"end":{"line":37,"column":10}},"10":{"start":{"line":39,"column":8},"end":{"line":41,"column":9}},"11":{"start":{"line":40,"column":12},"end":{"line":40,"column":57}},"12":{"start":{"line":43,"column":21},"end":{"line":43,"column":42}},"13":{"start":{"line":44,"column":8},"end":{"line":44,"column":20}},"14":{"start":{"line":46,"column":8},"end":{"line":46,"column":55}},"15":{"start":{"line":47,"column":8},"end":{"line":47,"column":20}},"16":{"start":{"line":68,"column":22},"end":{"line":71,"column":2}}},"fnMap":{"0":{"name":"registerUser","decl":{"start":{"line":6,"column":15},"end":{"line":6,"column":27}},"loc":{"start":{"line":6,"column":34},"end":{"line":26,"column":1}},"line":6},"1":{"name":"loginUser","decl":{"start":{"line":29,"column":15},"end":{"line":29,"column":24}},"loc":{"start":{"line":29,"column":39},"end":{"line":49,"column":1}},"line":29}},"branchMap":{"0":{"loc":{"start":{"line":16,"column":8},"end":{"line":18,"column":9}},"type":"if","locations":[{"start":{"line":16,"column":8},"end":{"line":18,"column":9}},{"start":{},"end":{}}],"line":16},"1":{"loc":{"start":{"line":39,"column":8},"end":{"line":41,"column":9}},"type":"if","locations":[{"start":{"line":39,"column":8},"end":{"line":41,"column":9}},{"start":{},"end":{}}],"line":39}},"s":{"0":0,"1":0,"2":0,"3":0,"4":0,"5":0,"6":0,"7":0,"8":0,"9":0,"10":0,"11":0,"12":0,"13":0,"14":0,"15":0,"16":0},"f":{"0":0,"1":0},"b":{"0":[0,0],"1":[0,0]}}
,"C:\\Users\\omars\\Downloads\\casa-de-papel\\utils\\mailer.js": {"path":"C:\\Users\\omars\\Downloads\\casa-de-papel\\utils\\mailer.js","statementMap":{"0":{"start":{"line":3,"column":29},"end":{"line":55,"column":1}},"1":{"start":{"line":4,"column":27},"end":{"line":4,"column":70}},"2":{"start":{"line":5,"column":14},"end":{"line":36,"column":3}},"3":{"start":{"line":38,"column":19},"end":{"line":45,"column":4}},"4":{"start":{"line":47,"column":2},"end":{"line":51,"column":3}},"5":{"start":{"line":48,"column":18},"end":{"line":48,"column":39}},"6":{"start":{"line":50,"column":4},"end":{"line":50,"column":23}},"7":{"start":{"line":52,"column":2},"end":{"line":52,"column":57}},"8":{"start":{"line":52,"column":18},"end":{"line":52,"column":56}},"9":{"start":{"line":54,"column":2},"end":{"line":54,"column":26}}},"fnMap":{"0":{"name":"(anonymous_0)","decl":{"start":{"line":3,"column":29},"end":{"line":3,"column":30}},"loc":{"start":{"line":3,"column":43},"end":{"line":55,"column":1}},"line":3}},"branchMap":{"0":{"loc":{"start":{"line":47,"column":2},"end":{"line":51,"column":3}},"type":"if","locations":[{"start":{"line":47,"column":2},"end":{"line":51,"column":3}},{"start":{},"end":{}}],"line":47},"1":{"loc":{"start":{"line":52,"column":2},"end":{"line":52,"column":57}},"type":"if","locations":[{"start":{"line":52,"column":2},"end":{"line":52,"column":57}},{"start":{},"end":{}}],"line":52}},"s":{"0":0,"1":0,"2":0,"3":0,"4":0,"5":0,"6":0,"7":0,"8":0,"9":0},"f":{"0":0},"b":{"0":[0,0],"1":[0,0]}}
,"C:\\Users\\omars\\Downloads\\casa-de-papel\\utils\\utils.js": {"path":"C:\\Users\\omars\\Downloads\\casa-de-papel\\utils\\utils.js","statementMap":{"0":{"start":{"line":1,"column":25},"end":{"line":12,"column":1}}},"fnMap":{},"branchMap":{},"s":{"0":0},"f":{},"b":{}}
}
